<?xml version="1.0" encoding="UTF-8"?>
<!-- Generated by org.testng.reporters.JUnitReportReporter -->
<testsuite skipped="0" hostname="DESKTOP-DS58S1Q" name="Advsel.Testauto" tests="1" failures="0" timestamp="17 Oct 2023 12:17:51 GMT" time="14.143" errors="0">
  <testcase name="test" time="14.143" classname="Advsel.Testauto"/>
</testsuite> <!-- Advsel.Testauto -->
